[35m[Appium][39m Welcome to Appium v1.22.3
[35m[Appium][39m Non-default server args:
[35m[Appium][39m   port: 49963
[35m[Appium][39m   loglevel: info
[35m[Appium][39m   tmpDir: C:\Users\ACER\AppData\Local\Temp\\Katalon\Appium\Temp1686751756658
[35m[Appium][39m   chromedriverPort: 49964
[35m[Appium][39m Deprecated server args:
[35m[Appium][39m   [31m--chromedriver-port[39m => --default-capabilities
[35m[Appium][39m Default capabilities, which will be added to each request unless overridden by desired capabilities:
[35m[Appium][39m   chromedriverPort: 49964
[35m[Appium][39m Appium REST http interface listener started on 0.0.0.0:49963
[35m[HTTP][39m [37m-->[39m [37mGET[39m [37m/wd/hub/status[39m
[35m[HTTP][39m [90m{}[39m
[35m[HTTP][39m [37m<-- GET /wd/hub/status [39m[32m200[39m [90m11 ms - 68[39m
[35m[HTTP][39m [90m[39m
[35m[HTTP][39m [37m-->[39m [37mGET[39m [37m/wd/hub/status[39m
[35m[HTTP][39m [90m{}[39m
[35m[HTTP][39m [37m<-- GET /wd/hub/status [39m[32m200[39m [90m2 ms - 68[39m
[35m[HTTP][39m [90m[39m
[35m[HTTP][39m [37m-->[39m [37mPOST[39m [37m/wd/hub/session[39m
[35m[HTTP][39m [90m{"desiredCapabilities":{"app":"C:\\Users\\ACER\\Videos\\DemoAppV2.apk","noReset":true,"deviceName":"samsung SM-G9910 (Android 13)","fullReset":false,"platform":"ANDROID","newCommandTimeout":1800,"platformVersion":"13","automationName":"uiautomator2","autoGrantPermissions":true,"platformName":"Android","udid":"R5CR11JFYXT","systemPort":49969},"capabilities":{"firstMatch":[{"appium:app":"C:\\Users\\ACER\\Videos\\DemoAppV2.apk","appium:autoGrantPermissions":true,"appium:automationName":"uiautomator2","appium:deviceName":"samsung SM-G9910 (Android 13)","appium:fullReset":false,"appium:newCommandTimeout":1800,"appium:noReset":true,"platform":"ANDROID","platformName":"android","appium:platformVersion":"13","appium:systemPort":49969,"appium:udid":"R5CR11JFYXT"}]}}[39m
[35m[BaseDriver][39m The following capabilities are not standard capabilities and should have an extension prefix:
[35m[BaseDriver][39m   platform
[35m[BaseDriver][39m   chromedriverPort
[35m[Appium][39m Appium v1.22.3 creating new AndroidUiautomator2Driver (v1.70.1) session
[35m[BaseDriver][39m The following capabilities were provided, but are not recognized by Appium:
[35m[BaseDriver][39m   platform
[35m[BaseDriver][39m Session created with session id: ed2930f1-c242-4609-91b6-cd1276b4e06f
[35m[BaseDriver][39m Using local app 'C:\Users\ACER\Videos\DemoAppV2.apk'
[35m[ADB][39m Found 1 'build-tools' folders under 'C:\Users\ACER\.katalon\tools\android_sdk' (newest first):
[35m[ADB][39m     C:/Users/ACER/.katalon/tools/android_sdk/build-tools/29.0.3
[35m[ADB][39m Using 'adb.exe' from 'C:\Users\ACER\.katalon\tools\android_sdk\platform-tools\adb.exe'
[35m[AndroidDriver][39m Retrieving device list
[35m[AndroidDriver][39m Using device: R5CR11JFYXT
[35m[ADB][39m Using 'adb.exe' from 'C:\Users\ACER\.katalon\tools\android_sdk\platform-tools\adb.exe'
[35m[ADB][39m Getting device platform version
[35m[UiAutomator2][39m Relaxing hidden api policy
[35m[ADB][39m Package name: 'com.codingid.codingidhive.betastaging'
[35m[ADB][39m Main activity name: 'com.codingid.codingidhive.MainActivity'
[35m[ADB][39m Using 'apksigner.jar' from 'C:\Users\ACER\.katalon\tools\android_sdk\build-tools\29.0.3\lib\apksigner.jar'
[35m[ADB][39m 'C:\Users\ACER\AppData\Roaming\npm\node_modules\appium\node_modules\appium-uiautomator2-server\apks\appium-uiautomator2-server-v4.27.0.apk' is signed with the default certificate
[35m[ADB][39m 'C:\Users\ACER\AppData\Roaming\npm\node_modules\appium\node_modules\appium-uiautomator2-server\apks\appium-uiautomator2-server-debug-androidTest.apk' is signed with the default certificate
[35m[UiAutomator2][39m Server packages are not going to be (re)installed
[35m[ADB][39m Adding packages ["io.appium.settings","io.appium.uiautomator2.server","io.appium.uiautomator2.server.test"] to Doze whitelist
[35m[ADB][39m 'C:\Users\ACER\Videos\DemoAppV2.apk' is signed with a non-default certificate
[35m[ADB][39m The application at 'C:\Users\ACER\Videos\DemoAppV2.apk' will not be cached, because the device under test has confirmed the support of streamed installs
[35m[ADB][39m The installation of 'DemoAppV2.apk' took 6085ms
[35m[UiAutomator2][39m Starting UIAutomator2 server 4.27.0
[35m[UiAutomator2][39m Using UIAutomator2 server from 'C:\Users\ACER\AppData\Roaming\npm\node_modules\appium\node_modules\appium-uiautomator2-server\apks\appium-uiautomator2-server-v4.27.0.apk' and test from 'C:\Users\ACER\AppData\Roaming\npm\node_modules\appium\node_modules\appium-uiautomator2-server\apks\appium-uiautomator2-server-debug-androidTest.apk'
[35m[UiAutomator2][39m Waiting up to 30000ms for UiAutomator2 to be online...
[35m[WD Proxy][39m socket hang up
[35m[WD Proxy][39m socket hang up
[35m[WD Proxy][39m Determined the downstream protocol as 'W3C'
[35m[AndroidDriver][39m Screen already unlocked, doing nothing
[35m[UiAutomator2][39m Starting 'com.codingid.codingidhive.betastaging/com.codingid.codingidhive.MainActivity and waiting for 'com.codingid.codingidhive.betastaging/com.codingid.codingidhive.MainActivity'
[35m[Appium][39m New AndroidUiautomator2Driver session created successfully, session ed2930f1-c242-4609-91b6-cd1276b4e06f added to master session list
[35m[HTTP][39m [37m<-- POST /wd/hub/session [39m[32m200[39m [90m15859 ms - 1249[39m
[35m[HTTP][39m [90m[39m
[35m[HTTP][39m [37m-->[39m [37mGET[39m [37m/wd/hub/session/ed2930f1-c242-4609-91b6-cd1276b4e06f[39m
[35m[HTTP][39m [90m{}[39m
[35m[HTTP][39m [37m<-- GET /wd/hub/session/ed2930f1-c242-4609-91b6-cd1276b4e06f [39m[32m200[39m [90m11 ms - 1203[39m
[35m[HTTP][39m [90m[39m
[35m[HTTP][39m [37m-->[39m [37mGET[39m [37m/wd/hub/session/ed2930f1-c242-4609-91b6-cd1276b4e06f[39m
[35m[HTTP][39m [90m{}[39m
[35m[HTTP][39m [37m<-- GET /wd/hub/session/ed2930f1-c242-4609-91b6-cd1276b4e06f [39m[32m200[39m [90m7 ms - 1203[39m
[35m[HTTP][39m [90m[39m
[35m[HTTP][39m [37m-->[39m [37mGET[39m [37m/wd/hub/status[39m
[35m[HTTP][39m [90m{}[39m
[35m[HTTP][39m [37m<-- GET /wd/hub/status [39m[32m200[39m [90m1 ms - 68[39m
[35m[HTTP][39m [90m[39m
[35m[HTTP][39m [37m-->[39m [37mPOST[39m [37m/wd/hub/session/ed2930f1-c242-4609-91b6-cd1276b4e06f/timeouts[39m
[35m[HTTP][39m [90m{"implicit":60000}[39m
[35m[HTTP][39m [37m<-- POST /wd/hub/session/ed2930f1-c242-4609-91b6-cd1276b4e06f/timeouts [39m[32m200[39m [90m5 ms - 14[39m
[35m[HTTP][39m [90m[39m
[35m[HTTP][39m [37m-->[39m [37mGET[39m [37m/wd/hub/session/ed2930f1-c242-4609-91b6-cd1276b4e06f/source[39m
[35m[HTTP][39m [90m{}[39m
[35m[W3C (ed2930f1)][39m Driver proxy active, passing request on via HTTP proxy
[35m[WD Proxy][39m Replacing sessionId 6cb55531-53f3-44e8-be60-6bb45b93c0c9 with ed2930f1-c242-4609-91b6-cd1276b4e06f
[35m[HTTP][39m [37m<-- GET /wd/hub/session/ed2930f1-c242-4609-91b6-cd1276b4e06f/source [39m[32m200[39m [90m10798 ms - 74878[39m
[35m[HTTP][39m [90m[39m
[35m[HTTP][39m [37m-->[39m [37mGET[39m [37m/wd/hub/session/ed2930f1-c242-4609-91b6-cd1276b4e06f/screenshot[39m
[35m[HTTP][39m [90m{}[39m
[35m[HTTP][39m [37m<-- GET /wd/hub/session/ed2930f1-c242-4609-91b6-cd1276b4e06f/screenshot [39m[32m200[39m [90m288 ms - 106232[39m
[35m[HTTP][39m [90m[39m
[35m[HTTP][39m [37m-->[39m [37mDELETE[39m [37m/wd/hub/session/ed2930f1-c242-4609-91b6-cd1276b4e06f[39m
[35m[HTTP][39m [90m{}[39m
[35m[Appium][39m Removing session ed2930f1-c242-4609-91b6-cd1276b4e06f from our master session list
[35m[UiAutomator2][39m Restoring hidden api policy to the device default configuration
[35m[HTTP][39m [37m<-- DELETE /wd/hub/session/ed2930f1-c242-4609-91b6-cd1276b4e06f [39m[32m200[39m [90m510 ms - 14[39m
[35m[HTTP][39m [90m[39m
